<?xml version="1.0" encoding="UTF-8"?>
<testng-results ignored="0" total="1" passed="1" failed="0" skipped="0">
  <reporter-output>
  </reporter-output>
  <suite started-at="2025-01-17T14:38:51 IST" name="Mytestsuite" finished-at="2025-01-17T14:38:56 IST" duration-ms="4277">
    <groups>
    </groups>
    <test started-at="2025-01-17T14:38:51 IST" name="myTest" finished-at="2025-01-17T14:38:56 IST" duration-ms="4277">
      <class name="testcases.LoginPageTest">
        <test-method is-config="true" signature="initializebrowser(java.lang.String)[pri:0, instance:testcases.LoginPageTest@169bb4dd]" started-at="2025-01-17T14:38:51 IST" name="initializebrowser" finished-at="2025-01-17T14:38:55 IST" duration-ms="3378" status="PASS">
          <params>
            <param index="0">
              <value>
                <![CDATA[Chrome]]>
              </value>
            </param>
          </params>
          <reporter-output>
          </reporter-output>
        </test-method> <!-- initializebrowser -->
        <test-method signature="loginWithInValidUsernameAndInvalidPassword()[pri:0, instance:testcases.LoginPageTest@169bb4dd]" started-at="2025-01-17T14:38:55 IST" name="loginWithInValidUsernameAndInvalidPassword" finished-at="2025-01-17T14:38:55 IST" duration-ms="843" status="PASS">
          <reporter-output>
          </reporter-output>
        </test-method> <!-- loginWithInValidUsernameAndInvalidPassword -->
        <test-method is-config="true" signature="driverQuit(org.testng.ITestResult)[pri:0, instance:testcases.LoginPageTest@169bb4dd]" started-at="2025-01-17T14:38:56 IST" name="driverQuit" finished-at="2025-01-17T14:38:56 IST" duration-ms="2" status="PASS">
          <params>
            <param index="0">
              <value>
                <![CDATA[[TestResult name=loginWithInValidUsernameAndInvalidPassword status=SUCCESS method=LoginPageTest.loginWithInValidUsernameAndInvalidPassword()[pri:0, instance:testcases.LoginPageTest@169bb4dd] output={null}]]]>
              </value>
            </param>
          </params>
          <reporter-output>
          </reporter-output>
        </test-method> <!-- driverQuit -->
      </class> <!-- testcases.LoginPageTest -->
    </test> <!-- myTest -->
  </suite> <!-- Mytestsuite -->
</testng-results>
