<?xml version="1.0" encoding="UTF-8"?>
<!-- Generated by org.testng.reporters.JUnitXMLReporter -->
<testsuite ignored="2" hostname="LAPTOP-652B3EL2" failures="0" tests="2" name="myTest" time="15.015" errors="0" timestamp="2025-01-20T08:52:28 IST">
  <testcase classname="testcases.ManageNewsTest" name="verifyNewsCanEnteredInManageNewsPage" time="4.643"/>
  <testcase classname="testcases.ManageGiftAndVouchersTest" name="verifyUserDetailsCreationPossibleInManageGiftVoucherPage" time="3.733"/>
  <testcase classname="testcases.ManageGiftAndVouchersTest" name="verifySearchOfAdminUsersPossible" time="0.0">
    <ignored/>
  </testcase> <!-- verifySearchOfAdminUsersPossible -->
  <testcase classname="testcases.ManageNewsTest" name="verifyNewsSearchPossibleInManageNewsPage" time="0.0">
    <ignored/>
  </testcase> <!-- verifyNewsSearchPossibleInManageNewsPage -->
</testsuite> <!-- myTest -->
