<?xml version="1.0" encoding="UTF-8"?>
<!-- Generated by org.testng.reporters.JUnitXMLReporter -->
<testsuite ignored="1" hostname="LAPTOP-652B3EL2" failures="0" tests="2" name="myTest" time="15.729" errors="0" timestamp="2025-01-15T20:11:13 IST">
  <testcase classname="testcases.ManageNewsTest" name="enterNewsUnderManageNewsPage" time="4.287"/>
  <testcase classname="testcases.CategoryTest" name="verifySearchUnderCategoryPage" time="3.381"/>
  <testcase classname="testcases.ManageNewsTest" name="searchNewsUnderManageNewsPage" time="0.0">
    <ignored/>
  </testcase> <!-- searchNewsUnderManageNewsPage -->
</testsuite> <!-- myTest -->
