<?xml version="1.0" encoding="UTF-8"?>
<!-- Generated by org.testng.reporters.JUnitXMLReporter -->
<testsuite ignored="3" hostname="LAPTOP-652B3EL2" failures="0" tests="1" name="myTest" time="4.277" errors="0" timestamp="2025-01-17T14:38:56 IST">
  <testcase classname="testcases.LoginPageTest" name="loginWithInValidUsernameAndInvalidPassword" time="0.843"/>
  <testcase classname="testcases.LoginPageTest" name="loginWithValidCredentials" time="0.0">
    <ignored/>
  </testcase> <!-- loginWithValidCredentials -->
  <testcase classname="testcases.LoginPageTest" name="loginWithValidUsernameAndInvalidPassword" time="0.0">
    <ignored/>
  </testcase> <!-- loginWithValidUsernameAndInvalidPassword -->
  <testcase classname="testcases.LoginPageTest" name="loginWithInvalidUsernameAndValidPassword" time="0.0">
    <ignored/>
  </testcase> <!-- loginWithInvalidUsernameAndValidPassword -->
</testsuite> <!-- myTest -->
