<?xml version="1.0" encoding="UTF-8"?>
<!-- Generated by org.testng.reporters.JUnitXMLReporter -->
<testsuite ignored="0" hostname="LAPTOP-652B3EL2" failures="0" tests="2" name="myTest" time="16.432" errors="0" timestamp="2025-01-21T08:28:22 IST">
  <testcase classname="testcases.SubCategoryTest" name="verifyUserIsAbleToAddNewSubCategoryWithValidDetails" time="6.173"/>
  <testcase classname="testcases.SubCategoryTest" name="verifyUserIsAbleToSearchNonExistingSubCategoryItem" time="3.732"/>
</testsuite> <!-- myTest -->
